Scan started at Mon 29 Dec 09:59:46 GMT 2025
File found: £FILE
File found: £FILE
File found: £FILE
File found: £FILE
Scan completed at Mon 29 Dec 09:59:46 GMT 2025
-------------------------
Scan started at Mon 29 Dec 10:00:57 GMT 2025
File found: £FILE
File found: £FILE
File found: £FILE
File found: £FILE
Scan completed at Mon 29 Dec 10:00:57 GMT 2025
-------------------------
Scan started at Fri  2 Jan 09:48:48 GMT 2026
File found: £FILE
File found: £FILE
File found: £FILE
File found: £FILE
Scan completed at Fri  2 Jan 09:48:48 GMT 2026
-------------------------
